#
# There is insufficient memory for the Java Runtime Environment to continue.
# Native memory allocation (mmap) failed to map 130023424 bytes for Failed to commit area from 0x0000000084200000 to 0x000000008be00000 of length 130023424.
# Possible reasons:
#   The system is out of physical RAM or swap space
#   The process is running with CompressedOops enabled, and the Java Heap may be blocking the growth of the native heap
# Possible solutions:
#   Reduce memory load on the system
#   Increase physical memory or swap space
#   Check if swap backing store is full
#   Decrease Java heap size (-Xmx/-Xms)
#   Decrease number of Java threads
#   Decrease Java thread stack sizes (-Xss)
#   Set larger code cache with -XX:ReservedCodeCacheSize=
# This output file may be truncated or incomplete.
#
#  Out of Memory Error (t:/workspace/open/src/hotspot/os/windows/os_windows.cpp:3269), pid=6924, tid=19396
#
# JRE version:  (11.0.1+13) (build )
# Java VM: Java HotSpot(TM) 64-Bit Server VM (11.0.1+13-LTS, mixed mode, aot, sharing, tiered, compressed oops, g1 gc, windows-amd64)
# No core dump will be written. Minidumps are not enabled by default on client versions of Windows
#

---------------  S U M M A R Y ------------

Command Line: -XX:TieredStopAtLevel=1 -Xverify:none -Dspring.output.ansi.enabled=always -Dcom.sun.management.jmxremote -Dspring.jmx.enabled=true -Dspring.liveBeansView.mbeanDomain -Dspring.application.admin.enabled=true -javaagent:D:\program files\IntelliJ IDEA 2019.2.1\lib\idea_rt.jar=62820:D:\program files\IntelliJ IDEA 2019.2.1\bin -Dfile.encoding=UTF-8 kr.hs.dsm.java.taxipot_backend.TaxipotBackendApplication

Host: Intel(R) Core(TM) i5-8300H CPU @ 2.30GHz, 8 cores, 7G,  Windows 10 , 64 bit Build 18362 (10.0.18362.329)
Time: Tue Nov 26 23:34:45 2019 ¢¥eCN©öI¡¾©ö C¡ÍA¨ª¨öA elapsed time: 0 seconds (0d 0h 0m 0s)

---------------  T H R E A D  ---------------

Current thread (0x0000027404b27800):  JavaThread "Unknown thread" [_thread_in_vm, id=19396, stack(0x000000d28d700000,0x000000d28d800000)]

Stack: [0x000000d28d700000,0x000000d28d800000]
Native frames: (J=compiled Java code, j=interpreted, Vv=VM code, C=native code)
V  [jvm.dll+0x63c21a]
V  [jvm.dll+0x7797df]
V  [jvm.dll+0x77adca]
V  [jvm.dll+0x77b483]
V  [jvm.dll+0x2627f8]
V  [jvm.dll+0x6396ca]
V  [jvm.dll+0x62dfa5]
V  [jvm.dll+0x31699c]
V  [jvm.dll+0x316822]
V  [jvm.dll+0x31c096]
V  [jvm.dll+0x36842f]
V  [jvm.dll+0x367e50]
V  [jvm.dll+0x2f38b8]
V  [jvm.dll+0x2f4a16]
V  [jvm.dll+0x752da7]
V  [jvm.dll+0x7544ef]
V  [jvm.dll+0x375269]
V  [jvm.dll+0x7394a9]
V  [jvm.dll+0x3e467d]
V  [jvm.dll+0x3e6951]
C  [java.exe+0x3603]
C  [java.exe+0x178dc]
C  [KERNEL32.DLL+0x17bd4]
C  [ntdll.dll+0x6ced1]


---------------  P R O C E S S  ---------------

Threads class SMR info:
_java_thread_list=0x000002740494c300, length=0, elements={
}

Java Threads: ( => current thread )

Other Threads:
  0x0000027404b3d800 GCTaskThread "GC Thread#0" [stack: 0x000000d28d800000,0x000000d28d900000] [id=20588]
  0x0000027404b6e000 ConcurrentGCThread "G1 Main Marker" [stack: 0x000000d28d900000,0x000000d28da00000] [id=14400]
  0x0000027404b70800 ConcurrentGCThread "G1 Conc#0" [stack: 0x000000d28da00000,0x000000d28db00000] [id=1352]

[error occurred during error reporting (printing all threads), id 0xc0000005, EXCEPTION_ACCESS_VIOLATION (0xc0000005) at pc=0x00007fffd1cf2137]

VM state:not at safepoint (not fully initialized)

VM Mutex/Monitor currently owned by a thread:  ([mutex/lock_event])
[0x0000027404b25d10] Heap_lock - owner thread: 0x0000027404b27800

Heap address: 0x0000000084200000, size: 1982 MB, Compressed Oops mode: Non-zero based: 0x0000000084200000
Narrow klass base: 0x0000000000000000, Narrow klass shift: 0

GC Heap History (0 events):
No events

Deoptimization events (0 events):
No events

Classes redefined (0 events):
No events

Internal exceptions (0 events):
No events

Events (0 events):
No events


Dynamic libraries:
0x00007ff6db420000 - 0x00007ff6db467000 	D:\Program Files\Java\bin\java.exe
0x00007ff832600000 - 0x00007ff8327f0000 	C:\WINDOWS\SYSTEM32\ntdll.dll
0x00007ff8311f0000 - 0x00007ff8312a2000 	C:\WINDOWS\System32\KERNEL32.DLL
0x00007ff82f630000 - 0x00007ff82f8d3000 	C:\WINDOWS\System32\KERNELBASE.dll
0x00007ff831610000 - 0x00007ff8316b3000 	C:\WINDOWS\System32\ADVAPI32.dll
0x00007ff832190000 - 0x00007ff83222e000 	C:\WINDOWS\System32\msvcrt.dll
0x00007ff8322a0000 - 0x00007ff832337000 	C:\WINDOWS\System32\sechost.dll
0x00007ff8316c0000 - 0x00007ff8317e0000 	C:\WINDOWS\System32\RPCRT4.dll
0x00007ff830700000 - 0x00007ff830894000 	C:\WINDOWS\System32\USER32.dll
0x00007ff82fa10000 - 0x00007ff82fa31000 	C:\WINDOWS\System32\win32u.dll
0x00007ff8306d0000 - 0x00007ff8306f6000 	C:\WINDOWS\System32\GDI32.dll
0x00007ff8303f0000 - 0x00007ff830584000 	C:\WINDOWS\System32\gdi32full.dll
0x00007ff82f590000 - 0x00007ff82f62e000 	C:\WINDOWS\System32\msvcp_win.dll
0x00007ff8305b0000 - 0x00007ff8306aa000 	C:\WINDOWS\System32\ucrtbase.dll
0x00007ff8264d0000 - 0x00007ff8264da000 	C:\WINDOWS\SYSTEM32\VERSION.dll
0x00007ff81d9a0000 - 0x00007ff81dc25000 	C:\WINDOWS\WinSxS\amd64_microsoft.windows.common-controls_6595b64144ccf1df_6.0.18362.476_none_e6c4b11b130f2595\COMCTL32.dll
0x00007ff831930000 - 0x00007ff831c66000 	C:\WINDOWS\System32\combase.dll
0x00007ff82f8e0000 - 0x00007ff82f960000 	C:\WINDOWS\System32\bcryptPrimitives.dll
0x00007ff8308a0000 - 0x00007ff8308ce000 	C:\WINDOWS\System32\IMM32.DLL
0x00007ff81c970000 - 0x00007ff81c986000 	D:\Program Files\Java\bin\vcruntime140.dll
0x00007ffff3a00000 - 0x00007ffff3aaa000 	D:\Program Files\Java\bin\msvcp140.dll
0x00007fffd19f0000 - 0x00007fffd2532000 	D:\Program Files\Java\bin\server\jvm.dll
0x00007ff832340000 - 0x00007ff832348000 	C:\WINDOWS\System32\PSAPI.DLL
0x00007ff829cb0000 - 0x00007ff829cd4000 	C:\WINDOWS\SYSTEM32\WINMM.dll
0x00007ff81a260000 - 0x00007ff81a269000 	C:\WINDOWS\SYSTEM32\WSOCK32.dll
0x00007ff8315a0000 - 0x00007ff83160f000 	C:\WINDOWS\System32\WS2_32.dll
0x00007ff829c80000 - 0x00007ff829cad000 	C:\WINDOWS\SYSTEM32\winmmbase.dll
0x00007ff830370000 - 0x00007ff8303ba000 	C:\WINDOWS\System32\cfgmgr32.dll
0x00007ff82f4e0000 - 0x00007ff82f4f1000 	C:\WINDOWS\System32\kernel.appcore.dll
0x00007ff81c950000 - 0x00007ff81c961000 	D:\Program Files\Java\bin\verify.dll
0x00007ff82de10000 - 0x00007ff82e004000 	C:\WINDOWS\SYSTEM32\DBGHELP.DLL
0x00007ff8171a0000 - 0x00007ff8171ca000 	C:\WINDOWS\SYSTEM32\dbgcore.DLL
0x00007ff80ce80000 - 0x00007ff80cea9000 	D:\Program Files\Java\bin\java.dll
0x00007ff805f40000 - 0x00007ff805f6f000 	D:\Program Files\Java\bin\instrument.dll
0x00007ff81c480000 - 0x00007ff81c496000 	D:\Program Files\Java\bin\zip.dll
0x00007ff81d040000 - 0x00007ff81d04a000 	D:\Program Files\Java\bin\jimage.dll

dbghelp: loaded successfully - version: 4.0.5 - missing functions: none
symbol engine: initialized successfully - sym options: 0x614 - pdb path: .;D:\Program Files\Java\bin;C:\WINDOWS\SYSTEM32;C:\WINDOWS\WinSxS\amd64_microsoft.windows.common-controls_6595b64144ccf1df_6.0.18362.476_none_e6c4b11b130f2595;D:\Program Files\Java\bin\server

VM Arguments:
jvm_args: -XX:TieredStopAtLevel=1 -Xverify:none -Dspring.output.ansi.enabled=always -Dcom.sun.management.jmxremote -Dspring.jmx.enabled=true -Dspring.liveBeansView.mbeanDomain -Dspring.application.admin.enabled=true -javaagent:D:\program files\IntelliJ IDEA 2019.2.1\lib\idea_rt.jar=62820:D:\program files\IntelliJ IDEA 2019.2.1\bin -Dfile.encoding=UTF-8 
java_command: kr.hs.dsm.java.taxipot_backend.TaxipotBackendApplication
java_class_path (initial): D:\Github\Server\TaxiPot_Backend\target\classes;C:\Users\nwar0\.m2\repository\org\springframework\boot\spring-boot-starter-data-rest\2.1.7.RELEASE\spring-boot-starter-data-rest-2.1.7.RELEASE.jar;C:\Users\nwar0\.m2\repository\org\springframework\boot\spring-boot-starter-web\2.1.7.RELEASE\spring-boot-starter-web-2.1.7.RELEASE.jar;C:\Users\nwar0\.m2\repository\org\springframework\boot\spring-boot-starter-json\2.1.7.RELEASE\spring-boot-starter-json-2.1.7.RELEASE.jar;C:\Users\nwar0\.m2\repository\com\fasterxml\jackson\datatype\jackson-datatype-jdk8\2.9.9\jackson-datatype-jdk8-2.9.9.jar;C:\Users\nwar0\.m2\repository\com\fasterxml\jackson\datatype\jackson-datatype-jsr310\2.9.9\jackson-datatype-jsr310-2.9.9.jar;C:\Users\nwar0\.m2\repository\com\fasterxml\jackson\module\jackson-module-parameter-names\2.9.9\jackson-module-parameter-names-2.9.9.jar;C:\Users\nwar0\.m2\repository\org\springframework\boot\spring-boot-starter-tomcat\2.1.7.RELEASE\spring-boot-starter-tomcat-2.1.7.RELEASE.jar;C:\Users\nwar0\.m2\repository\org\apache\tomcat\embed\tomcat-embed-core\9.0.22\tomcat-embed-core-9.0.22.jar;C:\Users\nwar0\.m2\repository\org\apache\tomcat\embed\tomcat-embed-el\9.0.22\tomcat-embed-el-9.0.22.jar;C:\Users\nwar0\.m2\repository\org\apache\tomcat\embed\tomcat-embed-websocket\9.0.22\tomcat-embed-websocket-9.0.22.jar;C:\Users\nwar0\.m2\repository\org\hibernate\validator\hibernate-validator\6.0.17.Final\hibernate-validator-6.0.17.Final.jar;C:\Users\nwar0\.m2\repository\javax\validation\validation-api\2.0.1.Final\validation-api-2.0.1.Final.jar;C:\Users\nwar0\.m2\repository\org\springframework\spring-web\5.1.9.RELEASE\spring-web-5.1.9.RELEASE.jar;C:\Users\nwar0\.m2\repository\org\springframework\spring-webmvc\5.1.9.RELEASE\spring-webmvc-5.1.9.RELEASE.jar;C:\Users\nwar0\.m2\repository\org\springframework\spring-expression\5.1.9.RELEASE\spring-expression-5.1.9.RELEASE.jar;C:\Users\nwar0\.m2\repository\org\springframework\data\spring-data-rest-webmvc\3.1.10.REL
Launcher Type: SUN_STANDARD

[Global flags]
     bool BytecodeVerificationLocal                = false                                     {product} {command line}
     bool BytecodeVerificationRemote               = false                                     {product} {command line}
     intx CICompilerCount                          = 4                                         {product} {ergonomic}
     uint ConcGCThreads                            = 2                                         {product} {ergonomic}
     uint G1ConcRefinementThreads                  = 8                                         {product} {ergonomic}
   size_t G1HeapRegionSize                         = 1048576                                   {product} {ergonomic}
    uintx GCDrainStackTargetSize                   = 64                                        {product} {ergonomic}
   size_t InitialHeapSize                          = 130023424                                 {product} {ergonomic}
     bool ManagementServer                         = true                                      {product} {command line}
   size_t MarkStackSize                            = 4194304                                   {product} {ergonomic}
   size_t MaxHeapSize                              = 2078277632                                {product} {ergonomic}
   size_t MinHeapDeltaBytes                        = 1048576                                   {product} {ergonomic}
    uintx NonNMethodCodeHeapSize                   = 7549744                                {pd product} {ergonomic}
    uintx NonProfiledCodeHeapSize                  = 244108496                              {pd product} {ergonomic}
    uintx ProfiledCodeHeapSize                     = 0                                      {pd product} {ergonomic}
    uintx ReservedCodeCacheSize                    = 251658240                              {pd product} {ergonomic}
     bool SegmentedCodeCache                       = true                                      {product} {ergonomic}
     intx TieredStopAtLevel                        = 1                                         {product} {command line}
     bool UseCompressedClassPointers               = true                                 {lp64_product} {ergonomic}
     bool UseCompressedOops                        = true                                 {lp64_product} {ergonomic}
     bool UseG1GC                                  = true                                      {product} {ergonomic}
     bool UseLargePagesIndividualAllocation        = false                                  {pd product} {ergonomic}

Logging:
Log output configuration:
 #0: stdout all=warning uptime,level,tags
 #1: stderr all=off uptime,level,tags

Environment Variables:
JAVA_HOME=D:\program files\java
CLASSPATH=D:\program files\java\lib
PATH=C:\Program Files (x86)\Intel\Intel(R) Management Engine Components\iCLS\;C:\Program Files\Intel\Intel(R) Management Engine Components\iCLS\;C:\Windows\system32;C:\Windows;C:\Windows\System32\Wbem;C:\Windows\System32\WindowsPowerShell\v1.0\;C:\Windows\System32\OpenSSH\;C:\Program Files (x86)\Intel\Intel(R) Management Engine Components\DAL;C:\Program Files\Intel\Intel(R) Management Engine Components\DAL;C:\Program Files (x86)\NVIDIA Corporation\PhysX\Common;D:\program files\java\bin;C:\Program Files\dotnet\;D:\Git\cmd;C:\Program Files\NVIDIA Corporation\NVIDIA NvDLISR;C:\Program Files\MySQL\MySQL Server 8.0\bin;;C:\WINDOWS\system32;C:\WINDOWS;C:\WINDOWS\System32\Wbem;C:\WINDOWS\System32\WindowsPowerShell\v1.0\;C:\WINDOWS\System32\OpenSSH\;D:\NodeJS\;C:\Program Files\MySQL\MySQL Shell 8.0\bin\;C:\Users\nwar0\AppData\Local\Microsoft\WindowsApps;C:\Users\nwar0\AppData\Local\GitHubDesktop\bin;D:\Microsoft_VS_Code\Microsoft VS Code\bin;C:\Users\nwar0\AppData\Roaming\npm
USERNAME=nwar0
OS=Windows_NT
PROCESSOR_IDENTIFIER=Intel64 Family 6 Model 158 Stepping 10, GenuineIntel



---------------  S Y S T E M  ---------------

OS: Windows 10 , 64 bit Build 18362 (10.0.18362.329)

CPU:total 8 (initial active 8) (4 cores per cpu, 2 threads per core) family 6 model 158 stepping 10, cmov, cx8, fxsr, mmx, sse, sse2, sse3, ssse3, sse4.1, sse4.2, popcnt, avx, avx2, aes, clmul, erms, 3dnowpref, lzcnt, ht, tsc, tscinvbit, bmi1, bmi2, adx, fma

Memory: 4k page, system-wide physical 7925M (520M free)
TotalPageFile size 21204M (AvailPageFile size 22M)
current process WorkingSet (physical memory assigned to process): 10M, peak: 10M
current process commit charge ("private bytes"): 57M, peak: 181M

vm_info: Java HotSpot(TM) 64-Bit Server VM (11.0.1+13-LTS) for windows-amd64 JRE (11.0.1+13-LTS), built on Oct  6 2018 13:20:16 by "mach5one" with MS VC++ 15.5 (VS2017)

END.
